0 info it worked if it ends with ok
1 verbose cli [ '/usr/bin/node', '/usr/bin/npm', 'run', 'build' ]
2 info using npm@3.10.9
3 info using node@v6.9.1
4 verbose run-script [ 'prebuild', 'build', 'postbuild' ]
5 info lifecycle listify@0.1.0~prebuild: listify@0.1.0
6 silly lifecycle listify@0.1.0~prebuild: no script for prebuild, continuing
7 info lifecycle listify@0.1.0~build: listify@0.1.0
8 verbose lifecycle listify@0.1.0~build: unsafe-perm in lifecycle true
9 verbose lifecycle listify@0.1.0~build: PATH: /usr/lib/node_modules/npm/bin/node-gyp-bin:/home/christopher/git/listify/node_modules/.bin:/usr/local/sbin:/usr/local/bin:/usr/bin:/usr/bin/site_perl:/usr/bin/vendor_perl:/usr/bin/core_perl:/home/christopher/scripts:/home/christopher/.node_modules/bin:/home/christopher/.gem/ruby/2.3.0/bin
10 verbose lifecycle listify@0.1.0~build: CWD: /home/christopher/git/listify
11 silly lifecycle listify@0.1.0~build: Args: [ '-c', './tools/build' ]
12 silly lifecycle listify@0.1.0~build: Returned: code: 1  signal: null
13 info lifecycle listify@0.1.0~build: Failed to exec build script
14 verbose stack Error: listify@0.1.0 build: `./tools/build`
14 verbose stack Exit status 1
14 verbose stack     at EventEmitter.<anonymous> (/usr/lib/node_modules/npm/lib/utils/lifecycle.js:255:16)
14 verbose stack     at emitTwo (events.js:106:13)
14 verbose stack     at EventEmitter.emit (events.js:191:7)
14 verbose stack     at ChildProcess.<anonymous> (/usr/lib/node_modules/npm/lib/utils/spawn.js:40:14)
14 verbose stack     at emitTwo (events.js:106:13)
14 verbose stack     at ChildProcess.emit (events.js:191:7)
14 verbose stack     at maybeClose (internal/child_process.js:877:16)
14 verbose stack     at Process.ChildProcess._handle.onexit (internal/child_process.js:226:5)
15 verbose pkgid listify@0.1.0
16 verbose cwd /home/christopher/git/listify/tools
17 error Linux 4.8.4-1-ARCH
18 error argv "/usr/bin/node" "/usr/bin/npm" "run" "build"
19 error node v6.9.1
20 error npm  v3.10.9
21 error code ELIFECYCLE
22 error listify@0.1.0 build: `./tools/build`
22 error Exit status 1
23 error Failed at the listify@0.1.0 build script './tools/build'.
23 error Make sure you have the latest version of node.js and npm installed.
23 error If you do, this is most likely a problem with the listify package,
23 error not with npm itself.
23 error Tell the author that this fails on your system:
23 error     ./tools/build
23 error You can get information on how to open an issue for this project with:
23 error     npm bugs listify
23 error Or if that isn't available, you can get their info via:
23 error     npm owner ls listify
23 error There is likely additional logging output above.
24 verbose exit [ 1, true ]
